[2023/01/17 08:46:17.966] - Starting server with initial configuration: {"gasLimit":6721975,"gasPrice":20000000000,"hardfork":"muirGlacier","hostname":"127.0.0.1","port":7545,"network_id":5777,"default_balance_ether":100,"total_accounts":10,"unlocked_accounts":[],"locked":false,"vmErrorsOnRPCResponse":true,"verbose":false,"db_path":"C:\\Users\\sijua\\AppData\\Roaming\\Ganache\\workspaces\\Quickstart\\chaindata","logDirectory":"C:\\chain"}
[2023/01/17 08:46:18.610] - eth_subscribe
[2023/01/17 08:46:18.614] - eth_getLogs
[2023/01/17 08:46:18.617] - eth_subscribe
[2023/01/17 08:46:18.669] - eth_subscribe
[2023/01/17 08:46:18.671] - eth_getLogs
[2023/01/17 08:46:18.673] - eth_subscribe
[2023/01/17 08:46:18.777] - eth_blockNumber
[2023/01/17 08:46:18.779] - eth_accounts
[2023/01/17 08:46:18.780] - eth_gasPrice
[2023/01/17 08:46:18.782] - eth_blockNumber
[2023/01/17 08:46:18.783] - eth_getBlockByNumber
[2023/01/17 08:46:18.784] - eth_accounts
[2023/01/17 08:46:18.786] - eth_gasPrice
[2023/01/17 08:46:18.787] - eth_subscribe
[2023/01/17 08:46:18.788] - eth_getBlockByNumber
[2023/01/17 08:46:18.789] - eth_subscribe
[2023/01/17 08:46:18.819] - eth_accounts
[2023/01/17 08:46:18.864] - eth_getBalance
[2023/01/17 08:46:18.870] - eth_getTransactionCount
[2023/01/17 08:46:18.873] - eth_getBalance
[2023/01/17 08:46:18.876] - eth_getTransactionCount
[2023/01/17 08:46:18.881] - eth_getBalance
[2023/01/17 08:46:18.885] - eth_getTransactionCount
[2023/01/17 08:46:18.888] - eth_getBalance
[2023/01/17 08:46:18.893] - eth_getTransactionCount
[2023/01/17 08:46:18.896] - eth_getBalance
[2023/01/17 08:46:18.900] - eth_getTransactionCount
[2023/01/17 08:46:18.904] - eth_getBalance
[2023/01/17 08:46:18.909] - eth_getTransactionCount
[2023/01/17 08:46:18.914] - eth_getBalance
[2023/01/17 08:46:18.917] - eth_getTransactionCount
[2023/01/17 08:46:18.924] - eth_getBalance
[2023/01/17 08:46:18.927] - eth_getTransactionCount
[2023/01/17 08:46:18.930] - eth_getBalance
[2023/01/17 08:46:18.933] - eth_getTransactionCount
[2023/01/17 08:46:18.937] - eth_getBalance
[2023/01/17 08:46:18.941] - eth_getTransactionCount
[2023/01/17 08:46:18.950] - eth_getBalance
[2023/01/17 08:46:18.955] - eth_getTransactionCount
[2023/01/17 08:46:18.956] - eth_getBalance
[2023/01/17 08:46:18.958] - eth_getTransactionCount
[2023/01/17 08:46:18.962] - eth_getBalance
[2023/01/17 08:46:18.966] - eth_getTransactionCount
[2023/01/17 08:46:18.969] - eth_getBalance
[2023/01/17 08:46:18.970] - eth_getTransactionCount
[2023/01/17 08:46:18.973] - eth_getBalance
[2023/01/17 08:46:18.974] - eth_getTransactionCount
[2023/01/17 08:46:18.976] - eth_getBalance
[2023/01/17 08:46:18.978] - eth_getTransactionCount
[2023/01/17 08:46:18.983] - eth_getBalance
[2023/01/17 08:46:18.984] - eth_getTransactionCount
[2023/01/17 08:46:18.986] - eth_getBalance
[2023/01/17 08:46:18.988] - eth_getTransactionCount
[2023/01/17 08:46:18.990] - eth_getBalance
[2023/01/17 08:46:18.992] - eth_getTransactionCount
[2023/01/17 08:46:18.994] - eth_getBalance
[2023/01/17 08:46:18.998] - eth_getTransactionCount
[2023/01/17 08:46:19.001] - eth_getBalance
[2023/01/17 08:46:19.002] - eth_getTransactionCount
[2023/01/17 08:46:19.006] - eth_getBalance
[2023/01/17 08:46:19.010] - eth_getTransactionCount
[2023/01/17 08:46:19.011] - eth_getBalance
[2023/01/17 08:46:19.013] - eth_getTransactionCount
[2023/01/17 08:46:19.015] - eth_getBalance
[2023/01/17 08:46:19.018] - eth_getTransactionCount
[2023/01/17 08:46:19.019] - eth_getBalance
[2023/01/17 08:46:19.021] - eth_getTransactionCount
[2023/01/17 08:46:19.025] - eth_getBalance
[2023/01/17 08:46:19.027] - eth_getTransactionCount
[2023/01/17 08:46:19.030] - eth_getBalance
[2023/01/17 08:46:19.032] - eth_getTransactionCount
[2023/01/17 08:46:19.035] - eth_getBalance
[2023/01/17 08:46:19.036] - eth_getTransactionCount
[2023/01/17 08:46:19.040] - eth_getBalance
[2023/01/17 08:46:19.045] - eth_getTransactionCount
[2023/01/17 08:46:19.046] - eth_getBalance
[2023/01/17 08:46:19.048] - eth_getTransactionCount
[2023/01/17 08:46:19.095] - eth_getBalance
[2023/01/17 08:46:19.101] - eth_getTransactionCount
[2023/01/17 08:46:19.102] - eth_getBalance
[2023/01/17 08:46:19.106] - eth_getTransactionCount
[2023/01/17 08:46:19.111] - eth_getBalance
[2023/01/17 08:46:19.112] - eth_getTransactionCount
[2023/01/17 08:46:19.113] - eth_getBalance
[2023/01/17 08:46:19.117] - eth_getTransactionCount
[2023/01/17 08:46:19.119] - eth_getBalance
[2023/01/17 08:46:19.122] - eth_getTransactionCount
[2023/01/17 08:46:19.123] - eth_getBalance
[2023/01/17 08:46:19.126] - eth_getTransactionCount
[2023/01/17 08:46:19.127] - eth_getBalance
[2023/01/17 08:46:19.128] - eth_getTransactionCount
[2023/01/17 08:46:19.130] - eth_getBalance
[2023/01/17 08:46:19.134] - eth_getTransactionCount
[2023/01/17 08:46:19.134] - eth_getBalance
[2023/01/17 08:46:19.136] - eth_getTransactionCount
[2023/01/17 08:46:19.138] - eth_getBalance
[2023/01/17 08:46:19.140] - eth_getTransactionCount
